<?xml version="1.0" encoding="UTF-8"?>
<!-- Generated by org.testng.reporters.JUnitXMLReporter -->
<testsuite hostname="DESKTOP-HNAEA5M" ignored="0" name="Default test" tests="5" failures="0" timestamp="20 Feb 2018 10:01:26 GMT" time="120.964" errors="0">
  <testcase name="TestPlaceHolderIsPresentOrNot" time="3.284" classname="testcase.org.CompleteSearchModule"/>
  <testcase name="DontEnterAnyQueryandClickonSearchButton" time="1.821" classname="testcase.org.CompleteSearchModule"/>
  <testcase name="EnteredQueryShouldDisplayInSearchBox" time="4.16" classname="testcase.org.CompleteSearchModule"/>
  <testcase name="TestWhetherSearchButtonIsWorking" time="24.28" classname="testcase.org.CompleteSearchModule"/>
  <testcase name="invalidDataIsWorkingAsPerTheExpectedOutput" time="9.115" classname="testcase.org.CompleteSearchModule"/>
</testsuite> <!-- Default test -->
