<?xml version="1.0" encoding="UTF-8"?>
<!-- Generated by org.testng.reporters.JUnitXMLReporter -->
<testsuite hostname="DESKTOP-HNAEA5M" ignored="0" name="Autosuggest" tests="11" failures="0" timestamp="13 Feb 2018 09:51:22 GMT" time="540.326" errors="0">
  <testcase name="autoSuggestIsComingOrNot" time="3.165" classname="script.CompleteAutosuggestModule"/>
  <testcase name="EachLetter" time="62.351" classname="script.CompleteAutosuggestModule"/>
  <testcase name="withoutspace" time="38.782" classname="script.CompleteAutosuggestModule"/>
  <testcase name="keywordSuggestionIsCommingorNot" time="10.399" classname="script.CompleteAutosuggestModule"/>
  <testcase name="keywordWithEnterButton" time="3.177" classname="script.CompleteAutosuggestModule"/>
  <testcase name="keywordWithSearchButton" time="9.255" classname="script.CompleteAutosuggestModule"/>
  <testcase name="spaceandEnter" time="12.767" classname="script.CompleteAutosuggestModule"/>
  <testcase name="popularproductavailableornot" time="1.811" classname="script.CompleteAutosuggestModule"/>
  <testcase name="popualrProductpriceCheck" time="2.865" classname="script.CompleteAutosuggestModule"/>
  <testcase name="popularproductclickandprice" time="23.009" classname="script.CompleteAutosuggestModule"/>
  <testcase name="popularProductMouse" time="18.135" classname="script.CompleteAutosuggestModule"/>
</testsuite> <!-- Autosuggest -->
