<?xml version="1.0" encoding="UTF-8"?>
<!-- Generated by org.testng.reporters.JUnitXMLReporter -->
<testsuite hostname="DESKTOP-HNAEA5M" ignored="0" name="SearchModule" tests="5" failures="0" timestamp="13 Feb 2018 09:42:19 GMT" time="148.587" errors="0">
  <testcase name="TestPlaceHolderIsPresentOrNot" time="1.839" classname="script.CompleteSearchModule"/>
  <testcase name="DontEnterAnyQueryandClickonSearchButton" time="2.733" classname="script.CompleteSearchModule"/>
  <testcase name="EnteredQueryShouldDisplayInSearchBox" time="2.571" classname="script.CompleteSearchModule"/>
  <testcase name="TestWhetherSearchButtonIsWorking" time="21.458" classname="script.CompleteSearchModule"/>
  <testcase name="invalidDataIsWorkingAsPerTheExpectedOutput" time="6.96" classname="script.CompleteSearchModule"/>
</testsuite> <!-- SearchModule -->
