<?xml version="1.0" encoding="UTF-8"?>
<!-- Generated by org.testng.reporters.JUnitXMLReporter -->
<testsuite hostname="DESKTOP-HNAEA5M" ignored="0" name="Test" tests="1" failures="1" timestamp="09 Sep 2017 03:20:41 GMT" time="24.859" errors="0">
  <testcase name="mm" time="10.907" classname="script.dickblick">
    <failure type="java.lang.AssertionError" message="expected [Blickrylic Student Acrylics] but found [Bienfang Tracing Paper In Rolls]">
      <![CDATA[java.lang.AssertionError: expected [Blickrylic Student Acrylics] but found [Bienfang Tracing Paper In Rolls]
	at script.dickblick.mm(dickblick.java:49)
... Removed 31 stack frames]]>
    </failure>
  </testcase> <!-- mm -->
</testsuite> <!-- Test -->
