<?xml version="1.0" encoding="UTF-8"?>
<!-- Generated by org.testng.reporters.JUnitXMLReporter -->
<testsuite hostname="DESKTOP-HNAEA5M" ignored="0" name="Test" tests="1" failures="1" timestamp="07 Sep 2017 08:27:14 GMT" time="30.869" errors="0">
  <testcase name="mm" time="13.717" classname="script.dickblick">
    <failure type="java.lang.NullPointerException">
      <![CDATA[java.lang.NullPointerException
	at org.openqa.selenium.remote.RemoteWebDriver.findElements(RemoteWebDriver.java:446)
	at org.openqa.selenium.remote.RemoteWebDriver.findElementsByXPath(RemoteWebDriver.java:513)
	at org.openqa.selenium.By$ByXPath.findElements(By.java:356)
	at org.openqa.selenium.remote.RemoteWebDriver.findElements(RemoteWebDriver.java:398)
	at script.dickblick.mm(dickblick.java:27)
... Removed 25 stack frames]]>
    </failure>
  </testcase> <!-- mm -->
</testsuite> <!-- Test -->
