<?xml version="1.0" encoding="UTF-8"?>
<testng-results skipped="0" failed="0" ignored="0" total="16" passed="16">
  <reporter-output>
  </reporter-output>
  <suite name="Suite" duration-ms="689129" started-at="2018-02-13T09:39:50Z" finished-at="2018-02-13T09:51:19Z">
    <groups>
    </groups>
    <test name="SearchModule" duration-ms="148587" started-at="2018-02-13T09:39:50Z" finished-at="2018-02-13T09:42:19Z">
      <class name="script.CompleteSearchModule">
        <test-method status="PASS" signature="openSite(java.lang.String)[pri:0, instance:script.CompleteSearchModule@ff5b51f]" name="openSite" is-config="true" duration-ms="28222" started-at="2018-02-13T15:09:50Z" finished-at="2018-02-13T15:10:18Z">
          <params>
            <param index="0">
              <value>
                <![CDATA[firefox]]>
              </value>
            </param>
          </params>
          <reporter-output>
          </reporter-output>
        </test-method> <!-- openSite -->
        <test-method status="PASS" signature="TestPlaceHolderIsPresentOrNot()[pri:12, instance:script.CompleteSearchModule@ff5b51f]" name="TestPlaceHolderIsPresentOrNot" duration-ms="1839" started-at="2018-02-13T15:10:18Z" finished-at="2018-02-13T15:10:20Z">
          <reporter-output>
          </reporter-output>
        </test-method> <!-- TestPlaceHolderIsPresentOrNot -->
        <test-method status="PASS" signature="openSite(java.lang.String)[pri:0, instance:script.CompleteSearchModule@ff5b51f]" name="openSite" is-config="true" duration-ms="24232" started-at="2018-02-13T15:10:20Z" finished-at="2018-02-13T15:10:44Z">
          <params>
            <param index="0">
              <value>
                <![CDATA[firefox]]>
              </value>
            </param>
          </params>
          <reporter-output>
          </reporter-output>
        </test-method> <!-- openSite -->
        <test-method status="PASS" signature="DontEnterAnyQueryandClickonSearchButton()[pri:13, instance:script.CompleteSearchModule@ff5b51f]" name="DontEnterAnyQueryandClickonSearchButton" duration-ms="2733" started-at="2018-02-13T15:10:44Z" finished-at="2018-02-13T15:10:47Z">
          <reporter-output>
          </reporter-output>
        </test-method> <!-- DontEnterAnyQueryandClickonSearchButton -->
        <test-method status="PASS" signature="openSite(java.lang.String)[pri:0, instance:script.CompleteSearchModule@ff5b51f]" name="openSite" is-config="true" duration-ms="19750" started-at="2018-02-13T15:10:47Z" finished-at="2018-02-13T15:11:07Z">
          <params>
            <param index="0">
              <value>
                <![CDATA[firefox]]>
              </value>
            </param>
          </params>
          <reporter-output>
          </reporter-output>
        </test-method> <!-- openSite -->
        <test-method status="PASS" signature="EnteredQueryShouldDisplayInSearchBox()[pri:14, instance:script.CompleteSearchModule@ff5b51f]" name="EnteredQueryShouldDisplayInSearchBox" duration-ms="2571" started-at="2018-02-13T15:11:07Z" finished-at="2018-02-13T15:11:09Z">
          <reporter-output>
          </reporter-output>
        </test-method> <!-- EnteredQueryShouldDisplayInSearchBox -->
        <test-method status="PASS" signature="openSite(java.lang.String)[pri:0, instance:script.CompleteSearchModule@ff5b51f]" name="openSite" is-config="true" duration-ms="19333" started-at="2018-02-13T15:11:09Z" finished-at="2018-02-13T15:11:29Z">
          <params>
            <param index="0">
              <value>
                <![CDATA[firefox]]>
              </value>
            </param>
          </params>
          <reporter-output>
          </reporter-output>
        </test-method> <!-- openSite -->
        <test-method status="PASS" signature="TestWhetherSearchButtonIsWorking()[pri:15, instance:script.CompleteSearchModule@ff5b51f]" name="TestWhetherSearchButtonIsWorking" duration-ms="21458" started-at="2018-02-13T15:11:29Z" finished-at="2018-02-13T15:11:50Z">
          <reporter-output>
          </reporter-output>
        </test-method> <!-- TestWhetherSearchButtonIsWorking -->
        <test-method status="PASS" signature="openSite(java.lang.String)[pri:0, instance:script.CompleteSearchModule@ff5b51f]" name="openSite" is-config="true" duration-ms="21451" started-at="2018-02-13T15:11:50Z" finished-at="2018-02-13T15:12:12Z">
          <params>
            <param index="0">
              <value>
                <![CDATA[firefox]]>
              </value>
            </param>
          </params>
          <reporter-output>
          </reporter-output>
        </test-method> <!-- openSite -->
        <test-method status="PASS" signature="invalidDataIsWorkingAsPerTheExpectedOutput()[pri:16, instance:script.CompleteSearchModule@ff5b51f]" name="invalidDataIsWorkingAsPerTheExpectedOutput" duration-ms="6960" started-at="2018-02-13T15:12:12Z" finished-at="2018-02-13T15:12:19Z">
          <reporter-output>
          </reporter-output>
        </test-method> <!-- invalidDataIsWorkingAsPerTheExpectedOutput -->
      </class> <!-- script.CompleteSearchModule -->
    </test> <!-- SearchModule -->
    <test name="Autosuggest" duration-ms="540326" started-at="2018-02-13T09:42:19Z" finished-at="2018-02-13T09:51:19Z">
      <class name="script.CompleteAutosuggestModule">
        <test-method status="PASS" signature="setProperty()[pri:0, instance:script.CompleteAutosuggestModule@4e1d422d]" name="setProperty" is-config="true" duration-ms="11" started-at="2018-02-13T15:09:50Z" finished-at="2018-02-13T15:09:50Z">
          <reporter-output>
          </reporter-output>
        </test-method> <!-- setProperty -->
        <test-method status="PASS" signature="openSite(java.lang.String)[pri:0, instance:script.CompleteAutosuggestModule@4e1d422d]" name="openSite" is-config="true" duration-ms="22466" started-at="2018-02-13T15:12:19Z" finished-at="2018-02-13T15:12:41Z">
          <params>
            <param index="0">
              <value>
                <![CDATA[chrome]]>
              </value>
            </param>
          </params>
          <reporter-output>
          </reporter-output>
        </test-method> <!-- openSite -->
        <test-method status="PASS" signature="autoSuggestIsComingOrNot()[pri:1, instance:script.CompleteAutosuggestModule@4e1d422d]" name="autoSuggestIsComingOrNot" duration-ms="3165" started-at="2018-02-13T15:12:41Z" finished-at="2018-02-13T15:12:45Z">
          <reporter-output>
          </reporter-output>
        </test-method> <!-- autoSuggestIsComingOrNot -->
        <test-method status="PASS" signature="openSite(java.lang.String)[pri:0, instance:script.CompleteAutosuggestModule@4e1d422d]" name="openSite" is-config="true" duration-ms="24867" started-at="2018-02-13T15:12:45Z" finished-at="2018-02-13T15:13:09Z">
          <params>
            <param index="0">
              <value>
                <![CDATA[chrome]]>
              </value>
            </param>
          </params>
          <reporter-output>
          </reporter-output>
        </test-method> <!-- openSite -->
        <test-method status="PASS" signature="EachLetter()[pri:2, instance:script.CompleteAutosuggestModule@4e1d422d]" name="EachLetter" duration-ms="62351" started-at="2018-02-13T15:13:09Z" finished-at="2018-02-13T15:14:12Z">
          <reporter-output>
          </reporter-output>
        </test-method> <!-- EachLetter -->
        <test-method status="PASS" signature="openSite(java.lang.String)[pri:0, instance:script.CompleteAutosuggestModule@4e1d422d]" name="openSite" is-config="true" duration-ms="26028" started-at="2018-02-13T15:14:12Z" finished-at="2018-02-13T15:14:38Z">
          <params>
            <param index="0">
              <value>
                <![CDATA[chrome]]>
              </value>
            </param>
          </params>
          <reporter-output>
          </reporter-output>
        </test-method> <!-- openSite -->
        <test-method status="PASS" signature="withoutspace()[pri:3, instance:script.CompleteAutosuggestModule@4e1d422d]" name="withoutspace" duration-ms="38782" started-at="2018-02-13T15:14:38Z" finished-at="2018-02-13T15:15:17Z">
          <reporter-output>
          </reporter-output>
        </test-method> <!-- withoutspace -->
        <test-method status="PASS" signature="openSite(java.lang.String)[pri:0, instance:script.CompleteAutosuggestModule@4e1d422d]" name="openSite" is-config="true" duration-ms="28490" started-at="2018-02-13T15:15:17Z" finished-at="2018-02-13T15:15:45Z">
          <params>
            <param index="0">
              <value>
                <![CDATA[chrome]]>
              </value>
            </param>
          </params>
          <reporter-output>
          </reporter-output>
        </test-method> <!-- openSite -->
        <test-method status="PASS" signature="keywordSuggestionIsCommingorNot()[pri:4, instance:script.CompleteAutosuggestModule@4e1d422d]" name="keywordSuggestionIsCommingorNot" duration-ms="10399" started-at="2018-02-13T15:15:45Z" finished-at="2018-02-13T15:15:55Z">
          <reporter-output>
          </reporter-output>
        </test-method> <!-- keywordSuggestionIsCommingorNot -->
        <test-method status="PASS" signature="openSite(java.lang.String)[pri:0, instance:script.CompleteAutosuggestModule@4e1d422d]" name="openSite" is-config="true" duration-ms="41613" started-at="2018-02-13T15:15:55Z" finished-at="2018-02-13T15:16:37Z">
          <params>
            <param index="0">
              <value>
                <![CDATA[chrome]]>
              </value>
            </param>
          </params>
          <reporter-output>
          </reporter-output>
        </test-method> <!-- openSite -->
        <test-method status="PASS" signature="keywordWithEnterButton()[pri:5, instance:script.CompleteAutosuggestModule@4e1d422d]" name="keywordWithEnterButton" duration-ms="3177" started-at="2018-02-13T15:16:37Z" finished-at="2018-02-13T15:16:40Z">
          <reporter-output>
          </reporter-output>
        </test-method> <!-- keywordWithEnterButton -->
        <test-method status="PASS" signature="openSite(java.lang.String)[pri:0, instance:script.CompleteAutosuggestModule@4e1d422d]" name="openSite" is-config="true" duration-ms="29033" started-at="2018-02-13T15:16:40Z" finished-at="2018-02-13T15:17:09Z">
          <params>
            <param index="0">
              <value>
                <![CDATA[chrome]]>
              </value>
            </param>
          </params>
          <reporter-output>
          </reporter-output>
        </test-method> <!-- openSite -->
        <test-method status="PASS" signature="keywordWithSearchButton()[pri:6, instance:script.CompleteAutosuggestModule@4e1d422d]" name="keywordWithSearchButton" duration-ms="9255" started-at="2018-02-13T15:17:09Z" finished-at="2018-02-13T15:17:19Z">
          <reporter-output>
          </reporter-output>
        </test-method> <!-- keywordWithSearchButton -->
        <test-method status="PASS" signature="openSite(java.lang.String)[pri:0, instance:script.CompleteAutosuggestModule@4e1d422d]" name="openSite" is-config="true" duration-ms="29397" started-at="2018-02-13T15:17:19Z" finished-at="2018-02-13T15:17:48Z">
          <params>
            <param index="0">
              <value>
                <![CDATA[chrome]]>
              </value>
            </param>
          </params>
          <reporter-output>
          </reporter-output>
        </test-method> <!-- openSite -->
        <test-method status="PASS" signature="spaceandEnter()[pri:7, instance:script.CompleteAutosuggestModule@4e1d422d]" name="spaceandEnter" duration-ms="12767" started-at="2018-02-13T15:17:48Z" finished-at="2018-02-13T15:18:01Z">
          <reporter-output>
          </reporter-output>
        </test-method> <!-- spaceandEnter -->
        <test-method status="PASS" signature="openSite(java.lang.String)[pri:0, instance:script.CompleteAutosuggestModule@4e1d422d]" name="openSite" is-config="true" duration-ms="27153" started-at="2018-02-13T15:18:01Z" finished-at="2018-02-13T15:18:28Z">
          <params>
            <param index="0">
              <value>
                <![CDATA[chrome]]>
              </value>
            </param>
          </params>
          <reporter-output>
          </reporter-output>
        </test-method> <!-- openSite -->
        <test-method status="PASS" signature="popularproductavailableornot()[pri:8, instance:script.CompleteAutosuggestModule@4e1d422d]" name="popularproductavailableornot" duration-ms="1811" started-at="2018-02-13T15:18:28Z" finished-at="2018-02-13T15:18:30Z">
          <reporter-output>
          </reporter-output>
        </test-method> <!-- popularproductavailableornot -->
        <test-method status="PASS" signature="openSite(java.lang.String)[pri:0, instance:script.CompleteAutosuggestModule@4e1d422d]" name="openSite" is-config="true" duration-ms="29065" started-at="2018-02-13T15:18:30Z" finished-at="2018-02-13T15:18:59Z">
          <params>
            <param index="0">
              <value>
                <![CDATA[chrome]]>
              </value>
            </param>
          </params>
          <reporter-output>
          </reporter-output>
        </test-method> <!-- openSite -->
        <test-method status="PASS" signature="popualrProductpriceCheck()[pri:9, instance:script.CompleteAutosuggestModule@4e1d422d]" name="popualrProductpriceCheck" duration-ms="2865" started-at="2018-02-13T15:18:59Z" finished-at="2018-02-13T15:19:02Z">
          <reporter-output>
          </reporter-output>
        </test-method> <!-- popualrProductpriceCheck -->
        <test-method status="PASS" signature="openSite(java.lang.String)[pri:0, instance:script.CompleteAutosuggestModule@4e1d422d]" name="openSite" is-config="true" duration-ms="47063" started-at="2018-02-13T15:19:02Z" finished-at="2018-02-13T15:19:49Z">
          <params>
            <param index="0">
              <value>
                <![CDATA[chrome]]>
              </value>
            </param>
          </params>
          <reporter-output>
          </reporter-output>
        </test-method> <!-- openSite -->
        <test-method status="PASS" signature="popularproductclickandprice()[pri:10, instance:script.CompleteAutosuggestModule@4e1d422d]" name="popularproductclickandprice" duration-ms="23009" started-at="2018-02-13T15:19:49Z" finished-at="2018-02-13T15:20:12Z">
          <reporter-output>
          </reporter-output>
        </test-method> <!-- popularproductclickandprice -->
        <test-method status="PASS" signature="openSite(java.lang.String)[pri:0, instance:script.CompleteAutosuggestModule@4e1d422d]" name="openSite" is-config="true" duration-ms="48964" started-at="2018-02-13T15:20:12Z" finished-at="2018-02-13T15:21:01Z">
          <params>
            <param index="0">
              <value>
                <![CDATA[chrome]]>
              </value>
            </param>
          </params>
          <reporter-output>
          </reporter-output>
        </test-method> <!-- openSite -->
        <test-method status="PASS" signature="popularProductMouse()[pri:11, instance:script.CompleteAutosuggestModule@4e1d422d]" name="popularProductMouse" duration-ms="18135" started-at="2018-02-13T15:21:01Z" finished-at="2018-02-13T15:21:19Z">
          <reporter-output>
          </reporter-output>
        </test-method> <!-- popularProductMouse -->
      </class> <!-- script.CompleteAutosuggestModule -->
    </test> <!-- Autosuggest -->
  </suite> <!-- Suite -->
</testng-results>
